#
# There is insufficient memory for the Java Runtime Environment to continue.
# Native memory allocation (mmap) failed to map 100663296 bytes for Failed to commit area from 0x00000000a0c00000 to 0x00000000a6c00000 of length 100663296.
# Possible reasons:
#   The system is out of physical RAM or swap space
#   The process is running with CompressedOops enabled, and the Java Heap may be blocking the growth of the native heap
# Possible solutions:
#   Reduce memory load on the system
#   Increase physical memory or swap space
#   Check if swap backing store is full
#   Decrease Java heap size (-Xmx/-Xms)
#   Decrease number of Java threads
#   Decrease Java thread stack sizes (-Xss)
#   Set larger code cache with -XX:ReservedCodeCacheSize=
# This output file may be truncated or incomplete.
#
#  Out of Memory Error (./src/hotspot/os/windows/os_windows.cpp:3301), pid=41108, tid=35696
#
# JRE version:  (11.0.10) (build )
# Java VM: OpenJDK 64-Bit Server VM (11.0.10+0-b96-7249189, mixed mode, sharing, tiered, compressed oops, g1 gc, windows-amd64)
# No core dump will be written. Minidumps are not enabled by default on client versions of Windows
#

---------------  S U M M A R Y ------------

Command Line: org.jetbrains.kotlin.cli.jvm.K2JVMCompiler @C:\Users\UX462\Documents\GitHub\CastingApp2\CastingApp\app\build\20220510_13953609927902195781.compiler.options

Host: AMD Ryzen 5 3500U with Radeon Vega Mobile Gfx  , 8 cores, 5G,  Windows 10 , 64 bit Build 22000 (10.0.22000.613)
Time: Tue May 10 15:08:16 2022 Hora de verano romance elapsed time: 0.041793 seconds (0d 0h 0m 0s)

---------------  T H R E A D  ---------------

Current thread (0x00000245f3cfe800):  JavaThread "Unknown thread" [_thread_in_vm, id=35696, stack(0x000000d389400000,0x000000d389500000)]

Stack: [0x000000d389400000,0x000000d389500000]
Native frames: (J=compiled Java code, j=interpreted, Vv=VM code, C=native code)
V  [jvm.dll+0x5ecfaa]
V  [jvm.dll+0x722bd5]
V  [jvm.dll+0x72412d]
V  [jvm.dll+0x7247e3]
V  [jvm.dll+0x242928]
V  [jvm.dll+0x5ea374]
V  [jvm.dll+0x5df425]
V  [jvm.dll+0x2fdebb]
V  [jvm.dll+0x2fde2a]
V  [jvm.dll+0x2fdd02]
V  [jvm.dll+0x302bf6]
V  [jvm.dll+0x34b2a3]
V  [jvm.dll+0x34b9a6]
V  [jvm.dll+0x34b3a3]
V  [jvm.dll+0x2d8888]
V  [jvm.dll+0x2d9a37]
V  [jvm.dll+0x701737]
V  [jvm.dll+0x702f2c]
V  [jvm.dll+0x3587d9]
V  [jvm.dll+0x6e4fae]
V  [jvm.dll+0x3c0be3]
V  [jvm.dll+0x3c2e91]
C  [jli.dll+0x5373]
C  [ucrtbase.dll+0x26c0c]
C  [KERNEL32.DLL+0x154e0]
C  [ntdll.dll+0x485b]


---------------  P R O C E S S  ---------------

Threads class SMR info:
_java_thread_list=0x00000245f1b240c0, length=0, elements={
}

Java Threads: ( => current thread )

Other Threads:
  0x00000245f3d16000 GCTaskThread "GC Thread#0" [stack: 0x000000d389500000,0x000000d389600000] [id=44396]
  0x00000245f3d3b000 ConcurrentGCThread "G1 Main Marker" [stack: 0x000000d389600000,0x000000d389700000] [id=34724]
  0x00000245f3d3c800 ConcurrentGCThread "G1 Conc#0" [stack: 0x000000d389700000,0x000000d389800000] [id=44376]

[error occurred during error reporting (printing all threads), id 0xc0000005, EXCEPTION_ACCESS_VIOLATION (0xc0000005) at pc=0x00007ff8ea739107]

VM state:not at safepoint (not fully initialized)

VM Mutex/Monitor currently owned by a thread:  ([mutex/lock_event])
[0x00000245f3cfaf10] Heap_lock - owner thread: 0x00000245f3cfe800

Heap address: 0x00000000a0c00000, size: 1524 MB, Compressed Oops mode: Non-zero based: 0x00000000a0c00000
Narrow klass base: 0x0000000000000000, Narrow klass shift: 0

GC Heap History (0 events):
No events

Deoptimization events (0 events):
No events

Classes redefined (0 events):
No events

Internal exceptions (0 events):
No events

Events (1 events):
Event: 0.029 Loaded shared library C:\Program Files\Android\Android Studio\jre\bin\zip.dll


Dynamic libraries:
0x00007ff7e9a10000 - 0x00007ff7e9a1a000 	C:\Program Files\Android\Android Studio\jre\bin\java.exe
0x00007ff93e720000 - 0x00007ff93e929000 	C:\WINDOWS\SYSTEM32\ntdll.dll
0x00007ff93cfc0000 - 0x00007ff93d07d000 	C:\WINDOWS\System32\KERNEL32.DLL
0x00007ff93bf10000 - 0x00007ff93c284000 	C:\WINDOWS\System32\KERNELBASE.dll
0x00007ff93c290000 - 0x00007ff93c3a1000 	C:\WINDOWS\System32\ucrtbase.dll
0x00007ff905540000 - 0x00007ff905559000 	C:\Program Files\Android\Android Studio\jre\bin\jli.dll
0x00007ff93c6e0000 - 0x00007ff93c88c000 	C:\WINDOWS\System32\USER32.dll
0x00007ff93bc10000 - 0x00007ff93bc36000 	C:\WINDOWS\System32\win32u.dll
0x00007ff93d3c0000 - 0x00007ff93d3e9000 	C:\WINDOWS\System32\GDI32.dll
0x00007ff93c420000 - 0x00007ff93c532000 	C:\WINDOWS\System32\gdi32full.dll
0x00007ff93be70000 - 0x00007ff93bf0d000 	C:\WINDOWS\System32\msvcp_win.dll
0x00007ff9073e0000 - 0x00007ff9073f7000 	C:\Program Files\Android\Android Studio\jre\bin\VCRUNTIME140.dll
0x00007ff9292e0000 - 0x00007ff929585000 	C:\WINDOWS\WinSxS\amd64_microsoft.windows.common-controls_6595b64144ccf1df_6.0.22000.120_none_9d947278b86cc467\COMCTL32.dll
0x00007ff93d080000 - 0x00007ff93d123000 	C:\WINDOWS\System32\msvcrt.dll
0x00007ff93cab0000 - 0x00007ff93cae1000 	C:\WINDOWS\System32\IMM32.DLL
0x00007ff8f8240000 - 0x00007ff8f82dd000 	C:\Program Files\Android\Android Studio\jre\bin\msvcp140.dll
0x00007ff8ea450000 - 0x00007ff8eaf1f000 	C:\Program Files\Android\Android Studio\jre\bin\server\jvm.dll
0x00007ff93d860000 - 0x00007ff93d90e000 	C:\WINDOWS\System32\ADVAPI32.dll
0x00007ff93d310000 - 0x00007ff93d3ae000 	C:\WINDOWS\System32\sechost.dll
0x00007ff93c5c0000 - 0x00007ff93c6e0000 	C:\WINDOWS\System32\RPCRT4.dll
0x00007ff93e530000 - 0x00007ff93e538000 	C:\WINDOWS\System32\PSAPI.DLL
0x00007ff923c20000 - 0x00007ff923c29000 	C:\WINDOWS\SYSTEM32\WSOCK32.dll
0x00007ff93cc50000 - 0x00007ff93ccbf000 	C:\WINDOWS\System32\WS2_32.dll
0x00007ff936b20000 - 0x00007ff936b53000 	C:\WINDOWS\SYSTEM32\WINMM.dll
0x00007ff9340f0000 - 0x00007ff9340fa000 	C:\WINDOWS\SYSTEM32\VERSION.dll
0x00007ff93ad10000 - 0x00007ff93ad28000 	C:\WINDOWS\SYSTEM32\kernel.appcore.dll
0x00007ff926830000 - 0x00007ff926841000 	C:\Program Files\Android\Android Studio\jre\bin\verify.dll
0x00007ff939880000 - 0x00007ff939aa1000 	C:\WINDOWS\SYSTEM32\DBGHELP.DLL
0x00007ff92ada0000 - 0x00007ff92add1000 	C:\WINDOWS\SYSTEM32\dbgcore.DLL
0x00007ff93c540000 - 0x00007ff93c5bf000 	C:\WINDOWS\System32\bcryptPrimitives.dll
0x00007ff911950000 - 0x00007ff911979000 	C:\Program Files\Android\Android Studio\jre\bin\java.dll
0x00007ff936590000 - 0x00007ff93659b000 	C:\Program Files\Android\Android Studio\jre\bin\jimage.dll
0x00007ff914d70000 - 0x00007ff914d88000 	C:\Program Files\Android\Android Studio\jre\bin\zip.dll

dbghelp: loaded successfully - version: 4.0.5 - missing functions: none
symbol engine: initialized successfully - sym options: 0x614 - pdb path: .;C:\Program Files\Android\Android Studio\jre\bin;C:\WINDOWS\SYSTEM32;C:\WINDOWS\WinSxS\amd64_microsoft.windows.common-controls_6595b64144ccf1df_6.0.22000.120_none_9d947278b86cc467;C:\Program Files\Android\Android Studio\jre\bin\server

VM Arguments:
java_command: org.jetbrains.kotlin.cli.jvm.K2JVMCompiler @C:\Users\UX462\Documents\GitHub\CastingApp2\CastingApp\app\build\20220510_13953609927902195781.compiler.options
java_class_path (initial): C:\Users\UX462\.gradle\caches\modules-2\files-2.1\org.jetbrains.kotlin\kotlin-compiler-embeddable\1.5.20\1900e8b9aca0a9caffd45b99b36e3720a0a284f8\kotlin-compiler-embeddable-1.5.20.jar;C:\Users\UX462\.gradle\caches\modules-2\files-2.1\org.jetbrains.kotlin\kotlin-reflect\1.5.20\63810951f09a27f7827977f1bc21094042a915e\kotlin-reflect-1.5.20.jar;C:\Users\UX462\.gradle\caches\modules-2\files-2.1\org.jetbrains.kotlin\kotlin-stdlib\1.5.20\9de35cc611bcecec8edce1d56d8e659953806751\kotlin-stdlib-1.5.20.jar;C:\Users\UX462\.gradle\caches\modules-2\files-2.1\org.jetbrains.kotlin\kotlin-script-runtime\1.5.20\4381bb58d37b84d4d1afe55ec35542dd9b77e101\kotlin-script-runtime-1.5.20.jar;C:\Users\UX462\.gradle\caches\modules-2\files-2.1\org.jetbrains.kotlin\kotlin-daemon-embeddable\1.5.20\36c38cda019834dcd2959cc33a12768adcd94256\kotlin-daemon-embeddable-1.5.20.jar;C:\Users\UX462\.gradle\caches\modules-2\files-2.1\org.jetbrains.intellij.deps\trove4j\1.0.20181211\216c2e14b070f334479d800987affe4054cd563f\trove4j-1.0.20181211.jar;C:\Users\UX462\.gradle\caches\modules-2\files-2.1\org.jetbrains\annotations\13.0\919f0dfe192fb4e063e7dacadee7f8bb9a2672a9\annotations-13.0.jar;C:\Users\UX462\.gradle\caches\modules-2\files-2.1\org.jetbrains.kotlin\kotlin-stdlib-common\1.5.20\3d79dbd48bf605f4aac1e7028981a1953e245cbb\kotlin-stdlib-common-1.5.20.jar
Launcher Type: SUN_STANDARD

[Global flags]
     intx CICompilerCount                          = 4                                         {product} {ergonomic}
     uint ConcGCThreads                            = 2                                         {product} {ergonomic}
     uint G1ConcRefinementThreads                  = 8                                         {product} {ergonomic}
   size_t G1HeapRegionSize                         = 1048576                                   {product} {ergonomic}
    uintx GCDrainStackTargetSize                   = 64                                        {product} {ergonomic}
   size_t InitialHeapSize                          = 100663296                                 {product} {ergonomic}
   size_t MarkStackSize                            = 4194304                                   {product} {ergonomic}
   size_t MaxHeapSize                              = 1598029824                                {product} {ergonomic}
   size_t MinHeapDeltaBytes                        = 1048576                                   {product} {ergonomic}
    uintx NonNMethodCodeHeapSize                   = 5836300                                {pd product} {ergonomic}
    uintx NonProfiledCodeHeapSize                  = 122910970                              {pd product} {ergonomic}
    uintx ProfiledCodeHeapSize                     = 122910970                              {pd product} {ergonomic}
    uintx ReservedCodeCacheSize                    = 251658240                              {pd product} {ergonomic}
     bool SegmentedCodeCache                       = true                                      {product} {ergonomic}
     bool UseCompressedClassPointers               = true                                 {lp64_product} {ergonomic}
     bool UseCompressedOops                        = true                                 {lp64_product} {ergonomic}
     bool UseG1GC                                  = true                                      {product} {ergonomic}
     bool UseLargePagesIndividualAllocation        = false                                  {pd product} {ergonomic}

Logging:
Log output configuration:
 #0: stdout all=warning uptime,level,tags
 #1: stderr all=off uptime,level,tags

Environment Variables:
PATH=C:\Program Files\Common Files\Oracle\Java\javapath;C:\app\UX462\product\21c\dbhomeXE\bin;C:\Program Files (x86)\Common Files\Oracle\Java\javapath;C:\WINDOWS\system32;C:\WINDOWS;C:\WINDOWS\System32\Wbem;C:\WINDOWS\System32\WindowsPowerShell\v1.0\;C:\WINDOWS\System32\OpenSSH\;C:\Program Files\Git\cmd;C:\Program Files\MongoDB\Server\5.0\bin;C:\Users\UX462\AppData\Local\Programs\Python\Python310;C:\Users\UX462\AppData\Local\Microsoft\WindowsApps;C:\Users\UX462\AppData\Local\Programs\Microsoft VS Code\bin;C:\Program Files\JetBrains\IntelliJ IDEA Community Edition 2021.3\bin;;C:\Users\UX462\AppData\Local\GitHubDesktop\bin;C:\Users\UX462\AppData\Local\Packages\PythonSoftwareFoundation.Python.3.10_qbz5n2kfra8p0\LocalCache\local-packages\Python310\Scripts;
USERNAME=UX462
OS=Windows_NT
PROCESSOR_IDENTIFIER=AMD64 Family 23 Model 24 Stepping 1, AuthenticAMD



---------------  S Y S T E M  ---------------

OS: Windows 10 , 64 bit Build 22000 (10.0.22000.613)
OS uptime: 1 days 3:15 hours

CPU:total 8 (initial active 8) (8 cores per cpu, 2 threads per core) family 23 model 24 stepping 1 microcode 0x0, cmov, cx8, fxsr, mmx, sse, sse2, sse3, ssse3, sse4.1, sse4.2, popcnt, avx, avx2, aes, clmul, mmxext, 3dnowpref, lzcnt, sse4a, ht, tsc, tscinvbit, tscinv, bmi1, bmi2, adx, s

Memory: 4k page, system-wide physical 6091M (67M free)
TotalPageFile size 24523M (AvailPageFile size 65M)
current process WorkingSet (physical memory assigned to process): 10M, peak: 10M
current process commit charge ("private bytes"): 59M, peak: 155M

vm_info: OpenJDK 64-Bit Server VM (11.0.10+0-b96-7249189) for windows-amd64 JRE (11.0.10+0-b96-7249189), built on Mar 31 2021 21:44:00 by "builder" with MS VC++ 14.0 (VS2015)

END.
